[22:48:48.687] Global cache location '/home/steiner/.cache/typescript/4.2', safe file path '/usr/local/share/.config/yarn/global/node_modules/typescript/lib/typingSafeList.json', types map path /usr/local/share/.config/yarn/global/node_modules/typescript/lib/typesMap.json
[22:48:48.688] Processing cache location '/home/steiner/.cache/typescript/4.2'
[22:48:48.688] Trying to find '/home/steiner/.cache/typescript/4.2/package.json'...
[22:48:48.691] Loaded content of '/home/steiner/.cache/typescript/4.2/package.json': {"private":true,"dependencies":{"types-registry":"^0.1.547"},"devDependencies":{"@types/accepts":"^1.3.5","@types/acorn":"^4.0.5","@types/ajv-errors":"^1.0.3","@types/align-text":"^1.0.1","@types/ansi-styles":"^3.2.1","@types/anymatch":"^1.3.1","@types/argparse":"^2.0.8","@types/arr-diff":"^4.0.0","@types/arr-union":"^3.1.0","@types/array-find-index":"^1.0.0","@types/array-unique":"^0.3.0","@types/asn1":"^0.2.0","@types/assert":"^1.5.4","@types/assert-plus":"^1.0.4","@types/async":"^3.2.6","@types/atob":"^2.1.2","@types/aws4":"^1.5.2","@types/babel-code-frame":"^6.20.4","@types/babel-core":"^6.25.6","@types/babel-generator":"^6.25.3","@types/babel-plugin-syntax-jsx":"^6.18.0","@types/babel-template":"^6.25.2","@types/babel-traverse":"^6.25.5","@types/babel-types":"^7.0.9","@types/babylon":"^6.16.5","@types/balanced-match":"^1.0.1","@types/big.js":"^6.1.1","@types/bluebird":"^3.5.35","@types/bn.js":"^5.1.0","@types/body-parser":"^1.19.0","@types/bonjour":"^3.5.8","@types/boolbase":"^1.0.0","@types/brace-expansion":"^1.1.0","@types/braces":"^3.0.0","@types/brorand":"^1.0.30","@types/buffer-from":"^1.1.0","@types/buffer-json":"^2.0.0","@types/buffer-xor":"^2.0.0","@types/bytes":"^3.1.0","@types/cacache":"^15.0.0","@types/call-bind":"^1.0.0","@types/caniuse-api":"^3.0.1","@types/caniuse-lite":"^1.0.0","@types/case-sensitive-paths-webpack-plugin":"^2.1.5","@types/caseless":"^0.12.2","@types/center-align":"^1.0.0","@types/check-types":"^7.3.2","@types/chownr":"^1.0.0","@types/cipher-base":"^1.0.0","@types/clean-css":"^4.2.4","@types/cli-spinners":"^1.3.0","@types/clone":"^2.1.0","@types/co":"^4.6.2","@types/color":"^3.0.1","@types/color-convert":"^2.0.0","@types/color-name":"^1.1.1","@types/color-string":"^1.5.0","@types/combined-stream":"^1.0.2","@types/commondir":"^1.0.0","@types/component-emitter":"^1.2.10","@types/compressible":"^2.0.0","@types/compression":"^1.7.0","@types/concat-map":"0.0.0","@types/concat-stream":"^1.6.0","@types/connect-history-api-fallback":"^1.3.4","@types/consolidate":"^0.14.0","@types/content-disposition":"^0.5.3","@types/content-type":"^1.1.3","@types/convert-source-map":"^1.5.1","@types/cookie":"^0.4.0","@types/cookie-signature":"^1.0.3","@types/copy-webpack-plugin":"^8.0.0","@types/core-js":"^2.5.4","@types/create-hash":"^1.2.2","@types/create-hmac":"^1.1.0","@types/cross-spawn":"^6.0.2","@types/css-declaration-sorter":"^6.0.0","@types/css-selector-tokenizer":"^0.7.0","@types/css-tree":"^1.0.5","@types/cssesc":"^3.0.0","@types/cssnano":"^4.0.0","@types/csso":"^3.5.1","@types/cuint":"^0.2.1","@types/d":"^1.0.0","@types/dashdash":"^1.14.0","@types/debug":"^4.1.5","@types/decode-uri-component":"^0.2.0","@types/deep-equal":"^1.0.1","@types/default-gateway":"^3.0.1","@types/defaults":"^1.0.3","@types/define-properties":"^1.1.3","@types/defined":"^1.0.0","@types/depd":"^1.1.32","@types/destroy":"^1.0.0","@types/detect-node":"^2.0.0","@types/diff":"^5.0.0","@types/diffie-hellman":"^5.0.0","@types/dir-glob":"^2.0.0","@types/dns-packet":"^5.2.0","@types/doctrine":"0.0.3","@types/domhandler":"^2.4.1","@types/domutils":"^1.7.3","@types/duplexify":"^3.6.0","@types/ee-first":"^1.1.0","@types/ejs":"^3.0.6","@types/elliptic":"^6.4.12","@types/encodeurl":"^1.0.0","@types/end-of-stream":"^1.4.0","@types/enhanced-resolve":"^3.0.6","@types/entities":"^1.1.1","@types/es-abstract":"^1.17.2","@types/es-to-primitive":"^1.2.4","@types/es6-weak-map":"^1.2.0","@types/escape-html":"^1.0.1","@types/eslint":"^7.2.13","@types/eslint-scope":"^3.7.0","@types/eslint-visitor-keys":"^1.0.0","@types/esprima":"^4.0.2","@types/esquery":"^1.0.1","@types/estraverse":"^5.1.0","@types/etag":"^1.8.0","@types/event-emitter":"^0.3.3","@types/events":"^3.0.0","@types/eventsource":"^1.1.5","@types/express":"^4.17.12","@types/extend":"^3.0.1","@types/extract-text-webpack-plugin":"^3.0.5","@types/extsprintf":"^1.4.1","@types/fast-levenshtein":"0.0.1","@types/fibers":"^3.1.0","@types/file-entry-cache":"^5.0.1","@types/file-loader":"^5.0.0","@types/finalhandler":"^1.1.0","@types/find-cache-dir":"^3.2.0","@types/flat-cache":"^2.0.0","@types/flush-write-stream":"^1.0.0","@types/follow-redirects":"^1.13.0","@types/forever-agent":"^0.6.0","@types/forwarded":"^0.1.0","@types/fresh":"^0.5.0","@types/friendly-errors-webpack-plugin":"^0.1.3","@types/from2":"^2.3.0","@types/fs-extra":"^9.0.11","@types/function-bind":"^1.1.6","@types/functional-red-black-tree":"^1.0.0","@types/get-caller-file":"^1.0.0","@types/get-intrinsic":"^1.0.0","@types/get-value":"^3.0.1","@types/getpass":"^0.1.0","@types/glob":"^7.1.3","@types/glob-parent":"^5.1.0","@types/glob-to-regexp":"^0.4.0","@types/graceful-fs":"^4.1.5","@types/has":"^1.0.0","@types/has-ansi":"^5.0.0","@types/has-symbols":"^1.0.0","@types/hash-sum":"^1.0.0","@types/he":"^1.1.1","@types/hex-color-regex":"^1.1.0","@types/hosted-git-info":"^3.0.1","@types/html-minifier":"^4.0.0","@types/html-webpack-plugin":"^3.2.5","@types/htmlparser2":"^3.10.2","@types/http-errors":"^1.8.0","@types/http-proxy":"^1.17.6","@types/icss-utils":"^4.1.0","@types/iferr":"^1.0.2","@types/imurmurhash":"^0.1.1","@types/inherits":"0.0.30","@types/interpret":"^1.1.1","@types/invariant":"^2.2.34","@types/ip":"^1.1.0","@types/is-arguments":"^1.0.0","@types/is-buffer":"^2.0.0","@types/is-callable":"^1.1.0","@types/is-ci":"^3.0.0","@types/is-core-module":"^2.2.0","@types/is-date-object":"^1.0.1","@types/is-finite":"^1.0.0","@types/is-glob":"^4.0.1","@types/is-number":"^7.0.1","@types/is-regex":"^1.0.0","@types/is-typedarray":"^1.0.0","@types/is-utf8":"^0.2.0","@types/is-windows":"^1.0.0","@types/isarray":"^2.0.0","@types/isexe":"^2.0.0","@types/isstream":"^0.1.0","@types/js-base64":"^3.0.0","@types/js-yaml":"^4.0.1","@types/jsbn":"^1.2.29","@types/jsesc":"^3.0.0","@types/json-parse-better-errors":"^1.0.0","@types/json-schema":"^7.0.7","@types/json-stringify-safe":"^5.0.0","@types/json3":"^3.3.2","@types/jsonfile":"^6.0.0","@types/kind-of":"^6.0.0","@types/loader-runner":"^2.2.3","@types/loader-utils":"^2.0.2","@types/lodash":"^4.14.170","@types/lodash.camelcase":"^4.3.6","@types/lodash.clonedeep":"^4.5.6","@types/lodash.debounce":"^4.0.6","@types/lodash.defaultsdeep":"^4.6.6","@types/lodash.kebabcase":"^4.1.6","@types/lodash.mapvalues":"^4.6.6","@types/lodash.memoize":"^4.1.6","@types/lodash.transform":"^4.6.6","@types/lodash.truncate":"^4.4.6","@types/lodash.uniq":"^4.5.6","@types/lru-cache":"^5.1.0","@types/math-expression-evaluator":"^1.2.0","@types/media-typer":"^1.1.0","@types/memory-fs":"^0.3.3","@types/merge-descriptors":"^1.0.1","@types/merge-stream":"^1.1.2","@types/merge2":"^1.3.0","@types/methods":"^1.1.1","@types/micromatch":"^4.0.1","@types/mime":"^2.0.3","@types/mime-db":"^1.43.0","@types/mime-types":"^2.1.0","@types/mini-css-extract-plugin":"^1.4.3","@types/minimalistic-assert":"^1.0.1","@types/minimatch":"^3.0.4","@types/minimist":"^1.2.1","@types/minipass":"^2.2.0","@types/mkdirp":"^1.0.1","@types/move-concurrently":"^1.0.2","@types/ms":"^0.7.31","@types/multicast-dns":"^7.2.0","@types/mz":"^2.7.3","@types/natural-compare":"^1.4.0","@types/negotiator":"^0.6.1","@types/next-tick":"^1.0.0","@types/nice-try":"^2.1.0","@types/node":"^15.3.0","@types/node-forge":"^0.10.0","@types/node-ipc":"^9.1.4","@types/node-notifier":"^8.0.0","@types/normalize-package-data":"^2.4.0","@types/normalize-path":"^3.0.0","@types/normalize-wheel":"^1.0.0","@types/num2fraction":"^1.2.0","@types/number-is-nan":"^2.0.0","@types/object-assign":"^4.0.30","@types/object-inspect":"^1.8.0","@types/object-keys":"^1.0.1","@types/object.getownpropertydescriptors":"^2.1.1","@types/object.pick":"^1.3.1","@types/on-finished":"^2.3.1","@types/on-headers":"^1.0.0","@types/once":"^1.4.0","@types/opener":"^1.4.0","@types/optimize-css-assets-webpack-plugin":"^5.0.3","@types/original":"^1.0.0","@types/os-homedir":"^1.0.0","@types/os-tmpdir":"^1.0.0","@types/pako":"^1.0.1","@types/parallel-transform":"^1.1.0","@types/parse-json":"^4.0.0","@types/parse5":"^6.0.0","@types/parse5-htmlparser2-tree-adapter":"^6.0.0","@types/parseurl":"^1.3.1","@types/pascalcase":"^1.0.0","@types/path-is-absolute":"^1.0.0","@types/path-is-inside":"^1.0.0","@types/path-parse":"^1.0.19","@types/pbkdf2":"^3.1.0","@types/picomatch":"^2.2.4","@types/pify":"^5.0.0","@types/postcss-calc":"^7.0.0","@types/postcss-import":"^12.0.0","@types/postcss-load-config":"^2.0.1","@types/postcss-modules-extract-imports":"^2.0.0","@types/postcss-modules-local-by-default":"^1.2.0","@types/postcss-modules-scope":"^1.1.0","@types/postcss-modules-values":"^3.0.0","@types/postcss-url":"^8.0.1","@types/prelude-ls":"^1.1.29","@types/prettier":"^2.3.0","@types/progress":"^2.0.3","@types/promise-inflight":"^1.0.0","@types/proxy-addr":"^2.0.0","@types/psl":"^1.1.0","@types/pump":"^1.1.1","@types/pumpify":"^1.4.1","@types/punycode":"^2.1.0","@types/q":"^1.5.4","@types/qs":"^6.9.6","@types/querystringify":"^2.0.0","@types/randombytes":"^2.0.0","@types/range-parser":"^1.2.3","@types/readable-stream":"^2.3.10","@types/rechoir":"^0.6.1","@types/regenerate":"^1.4.0","@types/regenerator-runtime":"^0.13.0","@types/relateurl":"^0.2.28","@types/repeat-element":"^1.1.0","@types/repeat-string":"^1.6.0","@types/repeating":"^3.0.0","@types/request":"^2.48.5","@types/require-directory":"^2.1.1","@types/require-from-string":"^1.2.0","@types/requires-port":"^1.0.0","@types/resolve":"^1.20.0","@types/retry":"^0.12.0","@types/right-align":"^0.1.0","@types/rimraf":"^3.0.0","@types/ripemd160":"^2.0.0","@types/run-parallel":"^1.1.0","@types/safe-regex":"^1.1.2","@types/safer-buffer":"^2.1.0","@types/sass":"^1.16.0","@types/sass-loader":"^8.0.1","@types/sax":"^1.2.1","@types/semver":"^7.3.6","@types/send":"^0.17.0","@types/serialize-javascript":"^5.0.0","@types/serve-index":"^1.9.0","@types/serve-static":"^1.13.9","@types/set-value":"^4.0.0","@types/setimmediate":"^1.0.2","@types/sha.js":"^2.4.0","@types/shebang-command":"^1.2.0","@types/shell-quote":"^1.7.0","@types/shelljs":"^0.8.8","@types/signal-exit":"^3.0.0","@types/slice-ansi":"^5.0.0","@types/sockjs":"^0.3.32","@types/sockjs-client":"^1.5.0","@types/source-list-map":"^0.1.2","@types/source-map-support":"^0.5.3","@types/spdx-correct":"^2.0.0","@types/spdx-expression-parse":"^3.0.0","@types/spdy":"^3.4.4","@types/sprintf":"^0.1.0","@types/sprintf-js":"^1.1.2","@types/sshpk":"^1.10.5","@types/ssri":"^7.1.0","@types/statuses":"^2.0.0","@types/stream-each":"^1.2.0","@types/stream-shift":"^1.0.0","@types/strict-uri-encode":"^2.0.0","@types/string-hash":"^1.1.1","@types/strip-final-newline":"^3.0.0","@types/supports-color":"^8.1.0","@types/svg-tags":"^1.0.0","@types/svgo":"^2.3.0","@types/tapable":"^2.2.2","@types/terser-webpack-plugin":"^5.0.3","@types/text-table":"^0.2.1","@types/through2":"^2.0.36","@types/thunky":"^1.1.0","@types/timsort":"^0.3.0","@types/toposort":"^2.0.3","@types/tough-cookie":"^4.0.0","@types/tryer":"^1.0.1","@types/type-check":"^0.3.27","@types/type-is":"^1.6.3","@types/uglify-es":"^3.0.0","@types/uglify-js":"^3.13.0","@types/uglifyjs-webpack-plugin":"^1.1.1","@types/uniq":"0.0.27","@types/universalify":"^1.0.0","@types/urix":"^0.1.0","@types/url-parse":"^1.4.3","@types/util-deprecate":"^1.0.0","@types/util.promisify":"^1.0.4","@types/utils-merge":"0.0.28","@types/uuid":"^8.3.0","@types/validate-npm-package-license":"^3.0.0","@types/vary":"^1.1.0","@types/verror":"^1.10.4","@types/watchpack":"^1.1.6","@types/wcwidth":"^1.0.0","@types/webpack":"^5.28.0","@types/webpack-bundle-analyzer":"^4.4.0","@types/webpack-dev-middleware":"^5.0.0","@types/webpack-dev-server":"^3.11.4","@types/webpack-sources":"^2.1.0","@types/which":"^2.0.0","@types/window-size":"^0.2.5","@types/wordwrap":"^1.0.0","@types/wrap-ansi":"^8.0.0","@types/ws":"^7.4.5","@types/xtend":"^4.0.3","@types/xxhashjs":"^0.2.2","@types/y18n":"^4.0.0","@types/yallist":"^4.0.0","@types/yargs":"^17.0.0","@types/yargs-parser":"^20.2.0"}}
[22:48:48.691] Loaded content of '/home/steiner/.cache/typescript/4.2/package-lock.json'
[22:48:48.702] Adding entry into typings cache: 'accepts' => '/home/steiner/disk/disk1/cache/typescript/4.2/node_modules/@types/accepts/index.d.ts'
[22:48:48.706] Adding entry into typings cache: 'acorn' => '/home/steiner/disk/disk1/cache/typescript/4.2/node_modules/acorn/dist/acorn.d.ts'
[22:48:48.708] Adding entry into typings cache: 'ajv-errors' => '/home/steiner/disk/disk1/cache/typescript/4.2/node_modules/@types/ajv-errors/index.d.ts'
[22:48:48.710] Adding entry into typings cache: 'align-text' => '/home/steiner/disk/disk1/cache/typescript/4.2/node_modules/@types/align-text/index.d.ts'
[22:48:48.717] Adding entry into typings cache: 'ansi-styles' => '/home/steiner/disk/disk1/cache/typescript/4.2/node_modules/@types/ansi-styles/index.d.ts'
[22:48:48.722] Adding entry into typings cache: 'anymatch' => '/home/steiner/disk/disk1/cache/typescript/4.2/node_modules/@types/anymatch/index.d.ts'
[22:48:48.724] Adding entry into typings cache: 'argparse' => '/home/steiner/disk/disk1/cache/typescript/4.2/node_modules/@types/argparse/index.d.ts'
[22:48:48.731] Adding entry into typings cache: 'arr-diff' => '/home/steiner/disk/disk1/cache/typescript/4.2/node_modules/@types/arr-diff/index.d.ts'
[22:48:48.736] Adding entry into typings cache: 'arr-union' => '/home/steiner/disk/disk1/cache/typescript/4.2/node_modules/@types/arr-union/index.d.ts'
[22:48:48.738] Adding entry into typings cache: 'array-find-index' => '/home/steiner/disk/disk1/cache/typescript/4.2/node_modules/@types/array-find-index/index.d.ts'
[22:48:48.741] Adding entry into typings cache: 'array-unique' => '/home/steiner/disk/disk1/cache/typescript/4.2/node_modules/@types/array-unique/index.d.ts'
[22:48:48.743] Adding entry into typings cache: 'asn1' => '/home/steiner/disk/disk1/cache/typescript/4.2/node_modules/@types/asn1/index.d.ts'
[22:48:48.745] Adding entry into typings cache: 'assert' => '/home/steiner/disk/disk1/cache/typescript/4.2/node_modules/@types/assert/index.d.ts'
[22:48:48.747] Adding entry into typings cache: 'assert-plus' => '/home/steiner/disk/disk1/cache/typescript/4.2/node_modules/@types/assert-plus/index.d.ts'
[22:48:48.750] Adding entry into typings cache: 'async' => '/home/steiner/disk/disk1/cache/typescript/4.2/node_modules/@types/async/index.d.ts'
[22:48:48.756] Adding entry into typings cache: 'atob' => '/home/steiner/disk/disk1/cache/typescript/4.2/node_modules/@types/atob/index.d.ts'
[22:48:48.758] Adding entry into typings cache: 'aws4' => '/home/steiner/disk/disk1/cache/typescript/4.2/node_modules/@types/aws4/index.d.ts'
[22:48:48.761] Adding entry into typings cache: 'babel-code-frame' => '/home/steiner/disk/disk1/cache/typescript/4.2/node_modules/@types/babel-code-frame/index.d.ts'
[22:48:48.764] Adding entry into typings cache: 'babel-core' => '/home/steiner/disk/disk1/cache/typescript/4.2/node_modules/@types/babel-core/index.d.ts'
[22:48:48.768] Adding entry into typings cache: 'babel-generator' => '/home/steiner/disk/disk1/cache/typescript/4.2/node_modules/@types/babel-generator/index.d.ts'
[22:48:48.771] Adding entry into typings cache: 'babel-plugin-syntax-jsx' => '/home/steiner/disk/disk1/cache/typescript/4.2/node_modules/@types/babel-plugin-syntax-jsx/index.d.ts'
[22:48:48.774] Adding entry into typings cache: 'babel-template' => '/home/steiner/disk/disk1/cache/typescript/4.2/node_modules/@types/babel-template/index.d.ts'
[22:48:48.777] Adding entry into typings cache: 'babel-traverse' => '/home/steiner/disk/disk1/cache/typescript/4.2/node_modules/@types/babel-traverse/index.d.ts'
[22:48:48.779] Adding entry into typings cache: 'babel-types' => '/home/steiner/disk/disk1/cache/typescript/4.2/node_modules/@types/babel-types/index.d.ts'
[22:48:48.781] Adding entry into typings cache: 'babylon' => '/home/steiner/disk/disk1/cache/typescript/4.2/node_modules/@types/babylon/index.d.ts'
[22:48:48.784] Adding entry into typings cache: 'balanced-match' => '/home/steiner/disk/disk1/cache/typescript/4.2/node_modules/@types/balanced-match/index.d.ts'
[22:48:48.786] Adding entry into typings cache: 'big.js' => '/home/steiner/disk/disk1/cache/typescript/4.2/node_modules/@types/big.js/index.d.ts'
[22:48:48.791] Adding entry into typings cache: 'bluebird' => '/home/steiner/disk/disk1/cache/typescript/4.2/node_modules/@types/bluebird/index.d.ts'
[22:48:48.794] Adding entry into typings cache: 'bn.js' => '/home/steiner/disk/disk1/cache/typescript/4.2/node_modules/@types/bn.js/index.d.ts'
[22:48:48.799] Adding entry into typings cache: 'body-parser' => '/home/steiner/disk/disk1/cache/typescript/4.2/node_modules/@types/body-parser/index.d.ts'
[22:48:48.802] Adding entry into typings cache: 'bonjour' => '/home/steiner/disk/disk1/cache/typescript/4.2/node_modules/@types/bonjour/index.d.ts'
[22:48:48.805] Adding entry into typings cache: 'boolbase' => '/home/steiner/disk/disk1/cache/typescript/4.2/node_modules/@types/boolbase/index.d.ts'
[22:48:48.807] Adding entry into typings cache: 'brace-expansion' => '/home/steiner/disk/disk1/cache/typescript/4.2/node_modules/@types/brace-expansion/index.d.ts'
[22:48:48.813] Adding entry into typings cache: 'braces' => '/home/steiner/disk/disk1/cache/typescript/4.2/node_modules/@types/braces/index.d.ts'
[22:48:48.815] Adding entry into typings cache: 'brorand' => '/home/steiner/disk/disk1/cache/typescript/4.2/node_modules/@types/brorand/index.d.ts'
[22:48:48.819] Adding entry into typings cache: 'buffer-from' => '/home/steiner/disk/disk1/cache/typescript/4.2/node_modules/@types/buffer-from/index.d.ts'
[22:48:48.821] Adding entry into typings cache: 'buffer-json' => '/home/steiner/disk/disk1/cache/typescript/4.2/node_modules/@types/buffer-json/index.d.ts'
[22:48:48.823] Adding entry into typings cache: 'buffer-xor' => '/home/steiner/disk/disk1/cache/typescript/4.2/node_modules/@types/buffer-xor/index.d.ts'
[22:48:48.824] Adding entry into typings cache: 'bytes' => '/home/steiner/disk/disk1/cache/typescript/4.2/node_modules/@types/bytes/index.d.ts'
[22:48:48.825] Adding entry into typings cache: 'cacache' => '/home/steiner/disk/disk1/cache/typescript/4.2/node_modules/@types/cacache/index.d.ts'
[22:48:48.827] Adding entry into typings cache: 'call-bind' => '/home/steiner/disk/disk1/cache/typescript/4.2/node_modules/@types/call-bind/index.d.ts'
[22:48:48.828] Adding entry into typings cache: 'caniuse-api' => '/home/steiner/disk/disk1/cache/typescript/4.2/node_modules/@types/caniuse-api/index.d.ts'
[22:48:48.831] Adding entry into typings cache: 'caniuse-lite' => '/home/steiner/disk/disk1/cache/typescript/4.2/node_modules/@types/caniuse-lite/index.d.ts'
[22:48:48.833] Adding entry into typings cache: 'case-sensitive-paths-webpack-plugin' => '/home/steiner/disk/disk1/cache/typescript/4.2/node_modules/@types/case-sensitive-paths-webpack-plugin/index.d.ts'
[22:48:48.834] Adding entry into typings cache: 'caseless' => '/home/steiner/disk/disk1/cache/typescript/4.2/node_modules/@types/caseless/index.d.ts'
[22:48:48.836] Adding entry into typings cache: 'center-align' => '/home/steiner/disk/disk1/cache/typescript/4.2/node_modules/@types/center-align/index.d.ts'
[22:48:48.839] Adding entry into typings cache: 'check-types' => '/home/steiner/disk/disk1/cache/typescript/4.2/node_modules/@types/check-types/index.d.ts'
[22:48:48.841] Adding entry into typings cache: 'chownr' => '/home/steiner/disk/disk1/cache/typescript/4.2/node_modules/@types/chownr/index.d.ts'
[22:48:48.843] Adding entry into typings cache: 'cipher-base' => '/home/steiner/disk/disk1/cache/typescript/4.2/node_modules/@types/cipher-base/index.d.ts'
[22:48:48.844] Adding entry into typings cache: 'clean-css' => '/home/steiner/disk/disk1/cache/typescript/4.2/node_modules/@types/clean-css/index.d.ts'
[22:48:48.846] Adding entry into typings cache: 'cli-spinners' => '/home/steiner/disk/disk1/cache/typescript/4.2/node_modules/@types/cli-spinners/index.d.ts'
[22:48:48.847] Adding entry into typings cache: 'clone' => '/home/steiner/disk/disk1/cache/typescript/4.2/node_modules/@types/clone/index.d.ts'
[22:48:48.849] Adding entry into typings cache: 'co' => '/home/steiner/disk/disk1/cache/typescript/4.2/node_modules/@types/co/index.d.ts'
[22:48:48.850] Adding entry into typings cache: 'color' => '/home/steiner/disk/disk1/cache/typescript/4.2/node_modules/@types/color/index.d.ts'
[22:48:48.856] Adding entry into typings cache: 'color-convert' => '/home/steiner/disk/disk1/cache/typescript/4.2/node_modules/@types/color-convert/index.d.ts'
[22:48:48.859] Adding entry into typings cache: 'color-name' => '/home/steiner/disk/disk1/cache/typescript/4.2/node_modules/@types/color-name/index.d.ts'
[22:48:48.862] Adding entry into typings cache: 'color-string' => '/home/steiner/disk/disk1/cache/typescript/4.2/node_modules/@types/color-string/index.d.ts'
[22:48:48.864] Adding entry into typings cache: 'combined-stream' => '/home/steiner/disk/disk1/cache/typescript/4.2/node_modules/@types/combined-stream/index.d.ts'
[22:48:48.866] Adding entry into typings cache: 'commondir' => '/home/steiner/disk/disk1/cache/typescript/4.2/node_modules/@types/commondir/index.d.ts'
[22:48:48.870] Adding entry into typings cache: 'component-emitter' => '/home/steiner/disk/disk1/cache/typescript/4.2/node_modules/@types/component-emitter/index.d.ts'
[22:48:48.871] Adding entry into typings cache: 'compressible' => '/home/steiner/disk/disk1/cache/typescript/4.2/node_modules/@types/compressible/index.d.ts'
[22:48:48.873] Adding entry into typings cache: 'compression' => '/home/steiner/disk/disk1/cache/typescript/4.2/node_modules/@types/compression/index.d.ts'
[22:48:48.876] Adding entry into typings cache: 'concat-map' => '/home/steiner/disk/disk1/cache/typescript/4.2/node_modules/@types/concat-map/index.d.ts'
[22:48:48.879] Adding entry into typings cache: 'concat-stream' => '/home/steiner/disk/disk1/cache/typescript/4.2/node_modules/@types/concat-stream/index.d.ts'
[22:48:48.881] Adding entry into typings cache: 'connect-history-api-fallback' => '/home/steiner/disk/disk1/cache/typescript/4.2/node_modules/@types/connect-history-api-fallback/index.d.ts'
[22:48:48.883] Adding entry into typings cache: 'consolidate' => '/home/steiner/disk/disk1/cache/typescript/4.2/node_modules/@types/consolidate/index.d.ts'
[22:48:48.885] Adding entry into typings cache: 'content-disposition' => '/home/steiner/disk/disk1/cache/typescript/4.2/node_modules/@types/content-disposition/index.d.ts'
[22:48:48.887] Adding entry into typings cache: 'content-type' => '/home/steiner/disk/disk1/cache/typescript/4.2/node_modules/@types/content-type/index.d.ts'
[22:48:48.888] Adding entry into typings cache: 'convert-source-map' => '/home/steiner/disk/disk1/cache/typescript/4.2/node_modules/@types/convert-source-map/index.d.ts'
[22:48:48.890] Adding entry into typings cache: 'cookie' => '/home/steiner/disk/disk1/cache/typescript/4.2/node_modules/@types/cookie/index.d.ts'
[22:48:48.892] Adding entry into typings cache: 'cookie-signature' => '/home/steiner/disk/disk1/cache/typescript/4.2/node_modules/@types/cookie-signature/index.d.ts'
[22:48:48.893] Adding entry into typings cache: 'copy-webpack-plugin' => '/home/steiner/disk/disk1/cache/typescript/4.2/node_modules/@types/copy-webpack-plugin/index.d.ts'
[22:48:48.894] Adding entry into typings cache: 'core-js' => '/home/steiner/disk/disk1/cache/typescript/4.2/node_modules/@types/core-js/index.d.ts'
[22:48:48.895] Adding entry into typings cache: 'create-hash' => '/home/steiner/disk/disk1/cache/typescript/4.2/node_modules/@types/create-hash/index.d.ts'
[22:48:48.896] Adding entry into typings cache: 'create-hmac' => '/home/steiner/disk/disk1/cache/typescript/4.2/node_modules/@types/create-hmac/index.d.ts'
[22:48:48.898] Adding entry into typings cache: 'cross-spawn' => '/home/steiner/disk/disk1/cache/typescript/4.2/node_modules/@types/cross-spawn/index.d.ts'
[22:48:48.899] Adding entry into typings cache: 'css-declaration-sorter' => '/home/steiner/disk/disk1/cache/typescript/4.2/node_modules/@types/css-declaration-sorter/index.d.ts'
[22:48:48.900] Adding entry into typings cache: 'css-selector-tokenizer' => '/home/steiner/disk/disk1/cache/typescript/4.2/node_modules/@types/css-selector-tokenizer/index.d.ts'
[22:48:48.902] Adding entry into typings cache: 'css-tree' => '/home/steiner/disk/disk1/cache/typescript/4.2/node_modules/@types/css-tree/index.d.ts'
[22:48:48.903] Adding entry into typings cache: 'cssesc' => '/home/steiner/disk/disk1/cache/typescript/4.2/node_modules/@types/cssesc/index.d.ts'
[22:48:48.904] Adding entry into typings cache: 'cssnano' => '/home/steiner/disk/disk1/cache/typescript/4.2/node_modules/@types/cssnano/index.d.ts'
[22:48:48.905] Adding entry into typings cache: 'csso' => '/home/steiner/disk/disk1/cache/typescript/4.2/node_modules/@types/csso/index.d.ts'
[22:48:48.907] Adding entry into typings cache: 'cuint' => '/home/steiner/disk/disk1/cache/typescript/4.2/node_modules/@types/cuint/index.d.ts'
[22:48:48.908] Adding entry into typings cache: 'd' => '/home/steiner/disk/disk1/cache/typescript/4.2/node_modules/@types/d/index.d.ts'
[22:48:48.909] Adding entry into typings cache: 'dashdash' => '/home/steiner/disk/disk1/cache/typescript/4.2/node_modules/@types/dashdash/index.d.ts'
[22:48:48.912] Adding entry into typings cache: 'debug' => '/home/steiner/disk/disk1/cache/typescript/4.2/node_modules/@types/debug/index.d.ts'
[22:48:48.916] Adding entry into typings cache: 'decode-uri-component' => '/home/steiner/disk/disk1/cache/typescript/4.2/node_modules/@types/decode-uri-component/index.d.ts'
[22:48:48.918] Adding entry into typings cache: 'deep-equal' => '/home/steiner/disk/disk1/cache/typescript/4.2/node_modules/@types/deep-equal/index.d.ts'
[22:48:48.919] Adding entry into typings cache: 'default-gateway' => '/home/steiner/disk/disk1/cache/typescript/4.2/node_modules/@types/default-gateway/index.d.ts'
[22:48:48.921] Adding entry into typings cache: 'defaults' => '/home/steiner/disk/disk1/cache/typescript/4.2/node_modules/@types/defaults/index.d.ts'
[22:48:48.922] Adding entry into typings cache: 'define-properties' => '/home/steiner/disk/disk1/cache/typescript/4.2/node_modules/@types/define-properties/index.d.ts'
[22:48:48.923] Adding entry into typings cache: 'defined' => '/home/steiner/disk/disk1/cache/typescript/4.2/node_modules/@types/defined/index.d.ts'
[22:48:48.925] Adding entry into typings cache: 'depd' => '/home/steiner/disk/disk1/cache/typescript/4.2/node_modules/@types/depd/index.d.ts'
[22:48:48.927] Adding entry into typings cache: 'destroy' => '/home/steiner/disk/disk1/cache/typescript/4.2/node_modules/@types/destroy/index.d.ts'
[22:48:48.928] Adding entry into typings cache: 'detect-node' => '/home/steiner/disk/disk1/cache/typescript/4.2/node_modules/@types/detect-node/index.d.ts'
[22:48:48.929] Adding entry into typings cache: 'diff' => '/home/steiner/disk/disk1/cache/typescript/4.2/node_modules/@types/diff/index.d.ts'
[22:48:48.931] Adding entry into typings cache: 'diffie-hellman' => '/home/steiner/disk/disk1/cache/typescript/4.2/node_modules/@types/diffie-hellman/index.d.ts'
[22:48:48.932] Adding entry into typings cache: 'dir-glob' => '/home/steiner/disk/disk1/cache/typescript/4.2/node_modules/@types/dir-glob/index.d.ts'
[22:48:48.934] Adding entry into typings cache: 'dns-packet' => '/home/steiner/disk/disk1/cache/typescript/4.2/node_modules/@types/dns-packet/index.d.ts'
[22:48:48.937] Adding entry into typings cache: 'doctrine' => '/home/steiner/disk/disk1/cache/typescript/4.2/node_modules/@types/doctrine/index.d.ts'
[22:48:48.940] Adding entry into typings cache: 'domhandler' => '/home/steiner/disk/disk1/cache/typescript/4.2/node_modules/@types/domhandler/index.d.ts'
[22:48:48.942] Adding entry into typings cache: 'domutils' => '/home/steiner/disk/disk1/cache/typescript/4.2/node_modules/@types/domutils/index.d.ts'
[22:48:48.943] Adding entry into typings cache: 'duplexify' => '/home/steiner/disk/disk1/cache/typescript/4.2/node_modules/@types/duplexify/index.d.ts'
[22:48:48.946] Adding entry into typings cache: 'ee-first' => '/home/steiner/disk/disk1/cache/typescript/4.2/node_modules/@types/ee-first/index.d.ts'
[22:48:48.948] Adding entry into typings cache: 'ejs' => '/home/steiner/disk/disk1/cache/typescript/4.2/node_modules/@types/ejs/index.d.ts'
[22:48:48.949] Adding entry into typings cache: 'elliptic' => '/home/steiner/disk/disk1/cache/typescript/4.2/node_modules/@types/elliptic/index.d.ts'
[22:48:48.951] Adding entry into typings cache: 'encodeurl' => '/home/steiner/disk/disk1/cache/typescript/4.2/node_modules/@types/encodeurl/index.d.ts'
[22:48:48.952] Adding entry into typings cache: 'end-of-stream' => '/home/steiner/disk/disk1/cache/typescript/4.2/node_modules/@types/end-of-stream/index.d.ts'
[22:48:48.956] Adding entry into typings cache: 'enhanced-resolve' => '/home/steiner/disk/disk1/cache/typescript/4.2/node_modules/enhanced-resolve/types.d.ts'
[22:48:48.957] Adding entry into typings cache: 'entities' => '/home/steiner/disk/disk1/cache/typescript/4.2/node_modules/@types/entities/index.d.ts'
[22:48:48.958] Adding entry into typings cache: 'es-abstract' => '/home/steiner/disk/disk1/cache/typescript/4.2/node_modules/@types/es-abstract/index.d.ts'
[22:48:48.959] Adding entry into typings cache: 'es-to-primitive' => '/home/steiner/disk/disk1/cache/typescript/4.2/node_modules/@types/es-to-primitive/index.d.ts'
[22:48:48.961] Adding entry into typings cache: 'es6-weak-map' => '/home/steiner/disk/disk1/cache/typescript/4.2/node_modules/@types/es6-weak-map/index.d.ts'
[22:48:48.963] Adding entry into typings cache: 'escape-html' => '/home/steiner/disk/disk1/cache/typescript/4.2/node_modules/@types/escape-html/index.d.ts'
[22:48:48.964] Adding entry into typings cache: 'eslint' => '/home/steiner/disk/disk1/cache/typescript/4.2/node_modules/@types/eslint/index.d.ts'
[22:48:48.967] Adding entry into typings cache: 'eslint-scope' => '/home/steiner/disk/disk1/cache/typescript/4.2/node_modules/@types/eslint-scope/index.d.ts'
[22:48:48.968] Adding entry into typings cache: 'eslint-visitor-keys' => '/home/steiner/disk/disk1/cache/typescript/4.2/node_modules/@types/eslint-visitor-keys/index.d.ts'
[22:48:48.972] Adding entry into typings cache: 'esprima' => '/home/steiner/disk/disk1/cache/typescript/4.2/node_modules/@types/esprima/index.d.ts'
[22:48:48.974] Adding entry into typings cache: 'esquery' => '/home/steiner/disk/disk1/cache/typescript/4.2/node_modules/@types/esquery/index.d.ts'
[22:48:48.977] Adding entry into typings cache: 'estraverse' => '/home/steiner/disk/disk1/cache/typescript/4.2/node_modules/@types/estraverse/index.d.ts'
[22:48:48.977] Adding entry into typings cache: 'etag' => '/home/steiner/disk/disk1/cache/typescript/4.2/node_modules/@types/etag/index.d.ts'
[22:48:48.978] Adding entry into typings cache: 'event-emitter' => '/home/steiner/disk/disk1/cache/typescript/4.2/node_modules/@types/event-emitter/index.d.ts'
[22:48:48.981] Adding entry into typings cache: 'events' => '/home/steiner/disk/disk1/cache/typescript/4.2/node_modules/@types/events/index.d.ts'
[22:48:48.983] Adding entry into typings cache: 'eventsource' => '/home/steiner/disk/disk1/cache/typescript/4.2/node_modules/@types/eventsource/index.d.ts'
[22:48:48.984] Adding entry into typings cache: 'express' => '/home/steiner/disk/disk1/cache/typescript/4.2/node_modules/@types/express/index.d.ts'
[22:48:48.985] Adding entry into typings cache: 'extend' => '/home/steiner/disk/disk1/cache/typescript/4.2/node_modules/@types/extend/index.d.ts'
[22:48:48.986] Adding entry into typings cache: 'extract-text-webpack-plugin' => '/home/steiner/disk/disk1/cache/typescript/4.2/node_modules/@types/extract-text-webpack-plugin/index.d.ts'
[22:48:48.987] Adding entry into typings cache: 'extsprintf' => '/home/steiner/disk/disk1/cache/typescript/4.2/node_modules/@types/extsprintf/index.d.ts'
[22:48:48.989] Adding entry into typings cache: 'fast-levenshtein' => '/home/steiner/disk/disk1/cache/typescript/4.2/node_modules/@types/fast-levenshtein/index.d.ts'
[22:48:48.991] Adding entry into typings cache: 'fibers' => '/home/steiner/disk/disk1/cache/typescript/4.2/node_modules/@types/fibers/index.d.ts'
[22:48:48.993] Adding entry into typings cache: 'file-entry-cache' => '/home/steiner/disk/disk1/cache/typescript/4.2/node_modules/@types/file-entry-cache/index.d.ts'
[22:48:48.994] Adding entry into typings cache: 'file-loader' => '/home/steiner/disk/disk1/cache/typescript/4.2/node_modules/@types/file-loader/index.d.ts'
[22:48:48.996] Adding entry into typings cache: 'finalhandler' => '/home/steiner/disk/disk1/cache/typescript/4.2/node_modules/@types/finalhandler/index.d.ts'
[22:48:48.998] Adding entry into typings cache: 'find-cache-dir' => '/home/steiner/disk/disk1/cache/typescript/4.2/node_modules/@types/find-cache-dir/index.d.ts'
[22:48:49.000] Adding entry into typings cache: 'flat-cache' => '/home/steiner/disk/disk1/cache/typescript/4.2/node_modules/@types/flat-cache/index.d.ts'
[22:48:49.001] Adding entry into typings cache: 'flush-write-stream' => '/home/steiner/disk/disk1/cache/typescript/4.2/node_modules/@types/flush-write-stream/index.d.ts'
[22:48:49.005] Adding entry into typings cache: 'follow-redirects' => '/home/steiner/disk/disk1/cache/typescript/4.2/node_modules/@types/follow-redirects/index.d.ts'
[22:48:49.008] Adding entry into typings cache: 'forever-agent' => '/home/steiner/disk/disk1/cache/typescript/4.2/node_modules/@types/forever-agent/index.d.ts'
[22:48:49.009] Adding entry into typings cache: 'forwarded' => '/home/steiner/disk/disk1/cache/typescript/4.2/node_modules/@types/forwarded/index.d.ts'
[22:48:49.010] Adding entry into typings cache: 'fresh' => '/home/steiner/disk/disk1/cache/typescript/4.2/node_modules/@types/fresh/index.d.ts'
[22:48:49.012] Adding entry into typings cache: 'friendly-errors-webpack-plugin' => '/home/steiner/disk/disk1/cache/typescript/4.2/node_modules/@types/friendly-errors-webpack-plugin/index.d.ts'
[22:48:49.013] Adding entry into typings cache: 'from2' => '/home/steiner/disk/disk1/cache/typescript/4.2/node_modules/@types/from2/index.d.ts'
[22:48:49.015] Adding entry into typings cache: 'fs-extra' => '/home/steiner/disk/disk1/cache/typescript/4.2/node_modules/@types/fs-extra/index.d.ts'
[22:48:49.016] Adding entry into typings cache: 'function-bind' => '/home/steiner/disk/disk1/cache/typescript/4.2/node_modules/@types/function-bind/index.d.ts'
[22:48:49.018] Adding entry into typings cache: 'functional-red-black-tree' => '/home/steiner/disk/disk1/cache/typescript/4.2/node_modules/@types/functional-red-black-tree/index.d.ts'
[22:48:49.019] Adding entry into typings cache: 'get-caller-file' => '/home/steiner/disk/disk1/cache/typescript/4.2/node_modules/@types/get-caller-file/index.d.ts'
[22:48:49.021] Adding entry into typings cache: 'get-intrinsic' => '/home/steiner/disk/disk1/cache/typescript/4.2/node_modules/@types/get-intrinsic/index.d.ts'
[22:48:49.024] Adding entry into typings cache: 'get-value' => '/home/steiner/disk/disk1/cache/typescript/4.2/node_modules/@types/get-value/index.d.ts'
[22:48:49.029] Adding entry into typings cache: 'getpass' => '/home/steiner/disk/disk1/cache/typescript/4.2/node_modules/@types/getpass/index.d.ts'
[22:48:49.031] Adding entry into typings cache: 'glob' => '/home/steiner/disk/disk1/cache/typescript/4.2/node_modules/@types/glob/index.d.ts'
[22:48:49.035] Adding entry into typings cache: 'glob-parent' => '/home/steiner/disk/disk1/cache/typescript/4.2/node_modules/@types/glob-parent/index.d.ts'
[22:48:49.037] Adding entry into typings cache: 'glob-to-regexp' => '/home/steiner/disk/disk1/cache/typescript/4.2/node_modules/@types/glob-to-regexp/index.d.ts'
[22:48:49.040] Adding entry into typings cache: 'graceful-fs' => '/home/steiner/disk/disk1/cache/typescript/4.2/node_modules/@types/graceful-fs/index.d.ts'
[22:48:49.043] Adding entry into typings cache: 'has' => '/home/steiner/disk/disk1/cache/typescript/4.2/node_modules/@types/has/index.d.ts'
[22:48:49.045] Adding entry into typings cache: 'has-ansi' => '/home/steiner/disk/disk1/cache/typescript/4.2/node_modules/@types/has-ansi/index.d.ts'
[22:48:49.047] Adding entry into typings cache: 'has-symbols' => '/home/steiner/disk/disk1/cache/typescript/4.2/node_modules/@types/has-symbols/index.d.ts'
[22:48:49.048] Adding entry into typings cache: 'hash-sum' => '/home/steiner/disk/disk1/cache/typescript/4.2/node_modules/@types/hash-sum/index.d.ts'
[22:48:49.050] Adding entry into typings cache: 'he' => '/home/steiner/disk/disk1/cache/typescript/4.2/node_modules/@types/he/index.d.ts'
[22:48:49.051] Adding entry into typings cache: 'hex-color-regex' => '/home/steiner/disk/disk1/cache/typescript/4.2/node_modules/@types/hex-color-regex/index.d.ts'
[22:48:49.053] Adding entry into typings cache: 'hosted-git-info' => '/home/steiner/disk/disk1/cache/typescript/4.2/node_modules/@types/hosted-git-info/index.d.ts'
[22:48:49.054] Adding entry into typings cache: 'html-minifier' => '/home/steiner/disk/disk1/cache/typescript/4.2/node_modules/@types/html-minifier/index.d.ts'
[22:48:49.055] Adding entry into typings cache: 'html-webpack-plugin' => '/home/steiner/disk/disk1/cache/typescript/4.2/node_modules/@types/html-webpack-plugin/index.d.ts'
[22:48:49.057] Adding entry into typings cache: 'htmlparser2' => '/home/steiner/disk/disk1/cache/typescript/4.2/node_modules/@types/htmlparser2/index.d.ts'
[22:48:49.059] Adding entry into typings cache: 'http-errors' => '/home/steiner/disk/disk1/cache/typescript/4.2/node_modules/@types/http-errors/index.d.ts'
[22:48:49.062] Adding entry into typings cache: 'http-proxy' => '/home/steiner/disk/disk1/cache/typescript/4.2/node_modules/@types/http-proxy/index.d.ts'
[22:48:49.063] Adding entry into typings cache: 'icss-utils' => '/home/steiner/disk/disk1/cache/typescript/4.2/node_modules/@types/icss-utils/index.d.ts'
[22:48:49.064] Adding entry into typings cache: 'iferr' => '/home/steiner/disk/disk1/cache/typescript/4.2/node_modules/@types/iferr/index.d.ts'
[22:48:49.065] Adding entry into typings cache: 'imurmurhash' => '/home/steiner/disk/disk1/cache/typescript/4.2/node_modules/@types/imurmurhash/index.d.ts'
[22:48:49.067] Adding entry into typings cache: 'inherits' => '/home/steiner/disk/disk1/cache/typescript/4.2/node_modules/@types/inherits/index.d.ts'
[22:48:49.069] Adding entry into typings cache: 'interpret' => '/home/steiner/disk/disk1/cache/typescript/4.2/node_modules/@types/interpret/index.d.ts'
[22:48:49.070] Adding entry into typings cache: 'invariant' => '/home/steiner/disk/disk1/cache/typescript/4.2/node_modules/@types/invariant/index.d.ts'
[22:48:49.072] Adding entry into typings cache: 'ip' => '/home/steiner/disk/disk1/cache/typescript/4.2/node_modules/@types/ip/index.d.ts'
[22:48:49.074] Adding entry into typings cache: 'is-arguments' => '/home/steiner/disk/disk1/cache/typescript/4.2/node_modules/@types/is-arguments/index.d.ts'
[22:48:49.077] Adding entry into typings cache: 'is-buffer' => '/home/steiner/disk/disk1/cache/typescript/4.2/node_modules/@types/is-buffer/index.d.ts'
[22:48:49.080] Adding entry into typings cache: 'is-callable' => '/home/steiner/disk/disk1/cache/typescript/4.2/node_modules/@types/is-callable/index.d.ts'
[22:48:49.081] Adding entry into typings cache: 'is-ci' => '/home/steiner/disk/disk1/cache/typescript/4.2/node_modules/@types/is-ci/index.d.ts'
[22:48:49.085] Adding entry into typings cache: 'is-core-module' => '/home/steiner/disk/disk1/cache/typescript/4.2/node_modules/@types/is-core-module/index.d.ts'
[22:48:49.086] Adding entry into typings cache: 'is-date-object' => '/home/steiner/disk/disk1/cache/typescript/4.2/node_modules/@types/is-date-object/index.d.ts'
[22:48:49.087] Adding entry into typings cache: 'is-finite' => '/home/steiner/disk/disk1/cache/typescript/4.2/node_modules/@types/is-finite/index.d.ts'
[22:48:49.091] Adding entry into typings cache: 'is-glob' => '/home/steiner/disk/disk1/cache/typescript/4.2/node_modules/@types/is-glob/index.d.ts'
[22:48:49.096] Adding entry into typings cache: 'is-number' => '/home/steiner/disk/disk1/cache/typescript/4.2/node_modules/@types/is-number/index.d.ts'
[22:48:49.098] Adding entry into typings cache: 'is-regex' => '/home/steiner/disk/disk1/cache/typescript/4.2/node_modules/@types/is-regex/index.d.ts'
[22:48:49.099] Adding entry into typings cache: 'is-typedarray' => '/home/steiner/disk/disk1/cache/typescript/4.2/node_modules/@types/is-typedarray/index.d.ts'
[22:48:49.101] Adding entry into typings cache: 'is-utf8' => '/home/steiner/disk/disk1/cache/typescript/4.2/node_modules/@types/is-utf8/index.d.ts'
[22:48:49.104] Adding entry into typings cache: 'is-windows' => '/home/steiner/disk/disk1/cache/typescript/4.2/node_modules/@types/is-windows/index.d.ts'
[22:48:49.106] Adding entry into typings cache: 'isarray' => '/home/steiner/disk/disk1/cache/typescript/4.2/node_modules/@types/isarray/index.d.ts'
[22:48:49.107] Adding entry into typings cache: 'isexe' => '/home/steiner/disk/disk1/cache/typescript/4.2/node_modules/@types/isexe/index.d.ts'
[22:48:49.108] Adding entry into typings cache: 'isstream' => '/home/steiner/disk/disk1/cache/typescript/4.2/node_modules/@types/isstream/index.d.ts'
[22:48:49.109] Adding entry into typings cache: 'js-base64' => '/home/steiner/disk/disk1/cache/typescript/4.2/node_modules/@types/js-base64/index.d.ts'
[22:48:49.111] Adding entry into typings cache: 'js-yaml' => '/home/steiner/disk/disk1/cache/typescript/4.2/node_modules/@types/js-yaml/index.d.ts'
[22:48:49.112] Adding entry into typings cache: 'jsbn' => '/home/steiner/disk/disk1/cache/typescript/4.2/node_modules/@types/jsbn/index.d.ts'
[22:48:49.114] Adding entry into typings cache: 'jsesc' => '/home/steiner/disk/disk1/cache/typescript/4.2/node_modules/@types/jsesc/index.d.ts'
[22:48:49.116] Adding entry into typings cache: 'json-parse-better-errors' => '/home/steiner/disk/disk1/cache/typescript/4.2/node_modules/@types/json-parse-better-errors/index.d.ts'
[22:48:49.118] Adding entry into typings cache: 'json-schema' => '/home/steiner/disk/disk1/cache/typescript/4.2/node_modules/@types/json-schema/index.d.ts'
[22:48:49.119] Adding entry into typings cache: 'json-stringify-safe' => '/home/steiner/disk/disk1/cache/typescript/4.2/node_modules/@types/json-stringify-safe/index.d.ts'
[22:48:49.121] Adding entry into typings cache: 'json3' => '/home/steiner/disk/disk1/cache/typescript/4.2/node_modules/@types/json3/index.d.ts'
[22:48:49.125] Adding entry into typings cache: 'jsonfile' => '/home/steiner/disk/disk1/cache/typescript/4.2/node_modules/@types/jsonfile/index.d.ts'
[22:48:49.131] Adding entry into typings cache: 'kind-of' => '/home/steiner/disk/disk1/cache/typescript/4.2/node_modules/@types/kind-of/index.d.ts'
[22:48:49.134] Adding entry into typings cache: 'loader-runner' => '/home/steiner/disk/disk1/cache/typescript/4.2/node_modules/@types/loader-runner/index.d.ts'
[22:48:49.135] Adding entry into typings cache: 'loader-utils' => '/home/steiner/disk/disk1/cache/typescript/4.2/node_modules/@types/loader-utils/index.d.ts'
[22:48:49.137] Adding entry into typings cache: 'lodash' => '/home/steiner/disk/disk1/cache/typescript/4.2/node_modules/@types/lodash/index.d.ts'
[22:48:49.139] Adding entry into typings cache: 'lodash.camelcase' => '/home/steiner/disk/disk1/cache/typescript/4.2/node_modules/@types/lodash.camelcase/index.d.ts'
[22:48:49.142] Adding entry into typings cache: 'lodash.clonedeep' => '/home/steiner/disk/disk1/cache/typescript/4.2/node_modules/@types/lodash.clonedeep/index.d.ts'
[22:48:49.145] Adding entry into typings cache: 'lodash.debounce' => '/home/steiner/disk/disk1/cache/typescript/4.2/node_modules/@types/lodash.debounce/index.d.ts'
[22:48:49.147] Adding entry into typings cache: 'lodash.defaultsdeep' => '/home/steiner/disk/disk1/cache/typescript/4.2/node_modules/@types/lodash.defaultsdeep/index.d.ts'
[22:48:49.149] Adding entry into typings cache: 'lodash.kebabcase' => '/home/steiner/disk/disk1/cache/typescript/4.2/node_modules/@types/lodash.kebabcase/index.d.ts'
[22:48:49.150] Adding entry into typings cache: 'lodash.mapvalues' => '/home/steiner/disk/disk1/cache/typescript/4.2/node_modules/@types/lodash.mapvalues/index.d.ts'
[22:48:49.152] Adding entry into typings cache: 'lodash.memoize' => '/home/steiner/disk/disk1/cache/typescript/4.2/node_modules/@types/lodash.memoize/index.d.ts'
[22:48:49.154] Adding entry into typings cache: 'lodash.transform' => '/home/steiner/disk/disk1/cache/typescript/4.2/node_modules/@types/lodash.transform/index.d.ts'
[22:48:49.155] Adding entry into typings cache: 'lodash.truncate' => '/home/steiner/disk/disk1/cache/typescript/4.2/node_modules/@types/lodash.truncate/index.d.ts'
[22:48:49.156] Adding entry into typings cache: 'lodash.uniq' => '/home/steiner/disk/disk1/cache/typescript/4.2/node_modules/@types/lodash.uniq/index.d.ts'
[22:48:49.158] Adding entry into typings cache: 'lru-cache' => '/home/steiner/disk/disk1/cache/typescript/4.2/node_modules/@types/lru-cache/index.d.ts'
[22:48:49.159] Adding entry into typings cache: 'math-expression-evaluator' => '/home/steiner/disk/disk1/cache/typescript/4.2/node_modules/@types/math-expression-evaluator/index.d.ts'
[22:48:49.159] Adding entry into typings cache: 'media-typer' => '/home/steiner/disk/disk1/cache/typescript/4.2/node_modules/@types/media-typer/index.d.ts'
[22:48:49.160] Adding entry into typings cache: 'memory-fs' => '/home/steiner/disk/disk1/cache/typescript/4.2/node_modules/@types/memory-fs/index.d.ts'
[22:48:49.161] Adding entry into typings cache: 'merge-descriptors' => '/home/steiner/disk/disk1/cache/typescript/4.2/node_modules/@types/merge-descriptors/index.d.ts'
[22:48:49.163] Adding entry into typings cache: 'merge-stream' => '/home/steiner/disk/disk1/cache/typescript/4.2/node_modules/@types/merge-stream/index.d.ts'
[22:48:49.164] Adding entry into typings cache: 'merge2' => '/home/steiner/disk/disk1/cache/typescript/4.2/node_modules/@types/merge2/index.d.ts'
[22:48:49.165] Adding entry into typings cache: 'methods' => '/home/steiner/disk/disk1/cache/typescript/4.2/node_modules/@types/methods/index.d.ts'
[22:48:49.166] Adding entry into typings cache: 'micromatch' => '/home/steiner/disk/disk1/cache/typescript/4.2/node_modules/@types/micromatch/index.d.ts'
[22:48:49.167] Adding entry into typings cache: 'mime' => '/home/steiner/disk/disk1/cache/typescript/4.2/node_modules/@types/mime/index.d.ts'
[22:48:49.169] Adding entry into typings cache: 'mime-db' => '/home/steiner/disk/disk1/cache/typescript/4.2/node_modules/@types/mime-db/index.d.ts'
[22:48:49.170] Adding entry into typings cache: 'mime-types' => '/home/steiner/disk/disk1/cache/typescript/4.2/node_modules/@types/mime-types/index.d.ts'
[22:48:49.172] Adding entry into typings cache: 'mini-css-extract-plugin' => '/home/steiner/disk/disk1/cache/typescript/4.2/node_modules/@types/mini-css-extract-plugin/index.d.ts'
[22:48:49.173] Adding entry into typings cache: 'minimalistic-assert' => '/home/steiner/disk/disk1/cache/typescript/4.2/node_modules/@types/minimalistic-assert/index.d.ts'
[22:48:49.174] Adding entry into typings cache: 'minimatch' => '/home/steiner/disk/disk1/cache/typescript/4.2/node_modules/@types/minimatch/index.d.ts'
[22:48:49.175] Adding entry into typings cache: 'minimist' => '/home/steiner/disk/disk1/cache/typescript/4.2/node_modules/@types/minimist/index.d.ts'
[22:48:49.176] Adding entry into typings cache: 'minipass' => '/home/steiner/disk/disk1/cache/typescript/4.2/node_modules/@types/minipass/index.d.ts'
[22:48:49.178] Adding entry into typings cache: 'mkdirp' => '/home/steiner/disk/disk1/cache/typescript/4.2/node_modules/@types/mkdirp/index.d.ts'
[22:48:49.179] Adding entry into typings cache: 'move-concurrently' => '/home/steiner/disk/disk1/cache/typescript/4.2/node_modules/@types/move-concurrently/index.d.ts'
[22:48:49.182] Adding entry into typings cache: 'ms' => '/home/steiner/disk/disk1/cache/typescript/4.2/node_modules/@types/ms/index.d.ts'
[22:48:49.183] Adding entry into typings cache: 'multicast-dns' => '/home/steiner/disk/disk1/cache/typescript/4.2/node_modules/@types/multicast-dns/index.d.ts'
[22:48:49.185] Adding entry into typings cache: 'mz' => '/home/steiner/disk/disk1/cache/typescript/4.2/node_modules/@types/mz/index.d.ts'
[22:48:49.186] Adding entry into typings cache: 'natural-compare' => '/home/steiner/disk/disk1/cache/typescript/4.2/node_modules/@types/natural-compare/index.d.ts'
[22:48:49.187] Adding entry into typings cache: 'negotiator' => '/home/steiner/disk/disk1/cache/typescript/4.2/node_modules/@types/negotiator/index.d.ts'
[22:48:49.188] Adding entry into typings cache: 'next-tick' => '/home/steiner/disk/disk1/cache/typescript/4.2/node_modules/@types/next-tick/index.d.ts'
[22:48:49.189] Adding entry into typings cache: 'nice-try' => '/home/steiner/disk/disk1/cache/typescript/4.2/node_modules/@types/nice-try/index.d.ts'
[22:48:49.190] Adding entry into typings cache: 'node' => '/home/steiner/disk/disk1/cache/typescript/4.2/node_modules/@types/node/index.d.ts'
[22:48:49.192] Adding entry into typings cache: 'node-forge' => '/home/steiner/disk/disk1/cache/typescript/4.2/node_modules/@types/node-forge/index.d.ts'
[22:48:49.193] Adding entry into typings cache: 'node-ipc' => '/home/steiner/disk/disk1/cache/typescript/4.2/node_modules/@types/node-ipc/index.d.ts'
[22:48:49.194] Adding entry into typings cache: 'node-notifier' => '/home/steiner/disk/disk1/cache/typescript/4.2/node_modules/@types/node-notifier/index.d.ts'
[22:48:49.195] Adding entry into typings cache: 'normalize-package-data' => '/home/steiner/disk/disk1/cache/typescript/4.2/node_modules/@types/normalize-package-data/index.d.ts'
[22:48:49.197] Adding entry into typings cache: 'normalize-path' => '/home/steiner/disk/disk1/cache/typescript/4.2/node_modules/@types/normalize-path/index.d.ts'
[22:48:49.198] Adding entry into typings cache: 'normalize-wheel' => '/home/steiner/disk/disk1/cache/typescript/4.2/node_modules/@types/normalize-wheel/index.d.ts'
[22:48:49.199] Adding entry into typings cache: 'num2fraction' => '/home/steiner/disk/disk1/cache/typescript/4.2/node_modules/@types/num2fraction/index.d.ts'
[22:48:49.200] Adding entry into typings cache: 'number-is-nan' => '/home/steiner/disk/disk1/cache/typescript/4.2/node_modules/@types/number-is-nan/index.d.ts'
[22:48:49.200] Adding entry into typings cache: 'object-assign' => '/home/steiner/disk/disk1/cache/typescript/4.2/node_modules/@types/object-assign/index.d.ts'
[22:48:49.202] Adding entry into typings cache: 'object-inspect' => '/home/steiner/disk/disk1/cache/typescript/4.2/node_modules/@types/object-inspect/index.d.ts'
[22:48:49.202] Adding entry into typings cache: 'object-keys' => '/home/steiner/disk/disk1/cache/typescript/4.2/node_modules/@types/object-keys/index.d.ts'
[22:48:49.203] Adding entry into typings cache: 'object.getownpropertydescriptors' => '/home/steiner/disk/disk1/cache/typescript/4.2/node_modules/@types/object.getownpropertydescriptors/index.d.ts'
[22:48:49.205] Adding entry into typings cache: 'object.pick' => '/home/steiner/disk/disk1/cache/typescript/4.2/node_modules/@types/object.pick/index.d.ts'
[22:48:49.205] Adding entry into typings cache: 'on-finished' => '/home/steiner/disk/disk1/cache/typescript/4.2/node_modules/@types/on-finished/index.d.ts'
[22:48:49.206] Adding entry into typings cache: 'on-headers' => '/home/steiner/disk/disk1/cache/typescript/4.2/node_modules/@types/on-headers/index.d.ts'
[22:48:49.207] Adding entry into typings cache: 'once' => '/home/steiner/disk/disk1/cache/typescript/4.2/node_modules/@types/once/index.d.ts'
[22:48:49.207] Adding entry into typings cache: 'opener' => '/home/steiner/disk/disk1/cache/typescript/4.2/node_modules/@types/opener/index.d.ts'
[22:48:49.208] Adding entry into typings cache: 'optimize-css-assets-webpack-plugin' => '/home/steiner/disk/disk1/cache/typescript/4.2/node_modules/@types/optimize-css-assets-webpack-plugin/index.d.ts'
[22:48:49.209] Adding entry into typings cache: 'original' => '/home/steiner/disk/disk1/cache/typescript/4.2/node_modules/@types/original/index.d.ts'
[22:48:49.210] Adding entry into typings cache: 'os-homedir' => '/home/steiner/disk/disk1/cache/typescript/4.2/node_modules/@types/os-homedir/index.d.ts'
[22:48:49.210] Adding entry into typings cache: 'os-tmpdir' => '/home/steiner/disk/disk1/cache/typescript/4.2/node_modules/@types/os-tmpdir/index.d.ts'
[22:48:49.211] Adding entry into typings cache: 'pako' => '/home/steiner/disk/disk1/cache/typescript/4.2/node_modules/@types/pako/index.d.ts'
[22:48:49.213] Adding entry into typings cache: 'parallel-transform' => '/home/steiner/disk/disk1/cache/typescript/4.2/node_modules/@types/parallel-transform/index.d.ts'
[22:48:49.215] Adding entry into typings cache: 'parse-json' => '/home/steiner/disk/disk1/cache/typescript/4.2/node_modules/@types/parse-json/index.d.ts'
[22:48:49.216] Adding entry into typings cache: 'parse5' => '/home/steiner/disk/disk1/cache/typescript/4.2/node_modules/@types/parse5/index.d.ts'
[22:48:49.217] Adding entry into typings cache: 'parse5-htmlparser2-tree-adapter' => '/home/steiner/disk/disk1/cache/typescript/4.2/node_modules/@types/parse5-htmlparser2-tree-adapter/index.d.ts'
[22:48:49.218] Adding entry into typings cache: 'parseurl' => '/home/steiner/disk/disk1/cache/typescript/4.2/node_modules/@types/parseurl/index.d.ts'
[22:48:49.219] Adding entry into typings cache: 'pascalcase' => '/home/steiner/disk/disk1/cache/typescript/4.2/node_modules/@types/pascalcase/index.d.ts'
[22:48:49.221] Adding entry into typings cache: 'path-is-absolute' => '/home/steiner/disk/disk1/cache/typescript/4.2/node_modules/@types/path-is-absolute/index.d.ts'
[22:48:49.222] Adding entry into typings cache: 'path-is-inside' => '/home/steiner/disk/disk1/cache/typescript/4.2/node_modules/@types/path-is-inside/index.d.ts'
[22:48:49.223] Adding entry into typings cache: 'path-parse' => '/home/steiner/disk/disk1/cache/typescript/4.2/node_modules/@types/path-parse/index.d.ts'
[22:48:49.223] Adding entry into typings cache: 'pbkdf2' => '/home/steiner/disk/disk1/cache/typescript/4.2/node_modules/@types/pbkdf2/index.d.ts'
[22:48:49.225] Adding entry into typings cache: 'picomatch' => '/home/steiner/disk/disk1/cache/typescript/4.2/node_modules/@types/picomatch/index.d.ts'
[22:48:49.226] Adding entry into typings cache: 'pify' => '/home/steiner/disk/disk1/cache/typescript/4.2/node_modules/@types/pify/index.d.ts'
[22:48:49.227] Adding entry into typings cache: 'postcss-calc' => '/home/steiner/disk/disk1/cache/typescript/4.2/node_modules/@types/postcss-calc/index.d.ts'
[22:48:49.227] Adding entry into typings cache: 'postcss-import' => '/home/steiner/disk/disk1/cache/typescript/4.2/node_modules/@types/postcss-import/index.d.ts'
[22:48:49.228] Adding entry into typings cache: 'postcss-load-config' => '/home/steiner/disk/disk1/cache/typescript/4.2/node_modules/@types/postcss-load-config/index.d.ts'
[22:48:49.229] Adding entry into typings cache: 'postcss-modules-extract-imports' => '/home/steiner/disk/disk1/cache/typescript/4.2/node_modules/@types/postcss-modules-extract-imports/index.d.ts'
[22:48:49.231] Adding entry into typings cache: 'postcss-modules-local-by-default' => '/home/steiner/disk/disk1/cache/typescript/4.2/node_modules/@types/postcss-modules-local-by-default/index.d.ts'
[22:48:49.232] Adding entry into typings cache: 'postcss-modules-scope' => '/home/steiner/disk/disk1/cache/typescript/4.2/node_modules/@types/postcss-modules-scope/index.d.ts'
[22:48:49.234] Adding entry into typings cache: 'postcss-modules-values' => '/home/steiner/disk/disk1/cache/typescript/4.2/node_modules/@types/postcss-modules-values/index.d.ts'
[22:48:49.235] Adding entry into typings cache: 'postcss-url' => '/home/steiner/disk/disk1/cache/typescript/4.2/node_modules/@types/postcss-url/index.d.ts'
[22:48:49.237] Adding entry into typings cache: 'prelude-ls' => '/home/steiner/disk/disk1/cache/typescript/4.2/node_modules/@types/prelude-ls/index.d.ts'
[22:48:49.238] Adding entry into typings cache: 'prettier' => '/home/steiner/disk/disk1/cache/typescript/4.2/node_modules/@types/prettier/index.d.ts'
[22:48:49.239] Adding entry into typings cache: 'progress' => '/home/steiner/disk/disk1/cache/typescript/4.2/node_modules/@types/progress/index.d.ts'
[22:48:49.240] Adding entry into typings cache: 'promise-inflight' => '/home/steiner/disk/disk1/cache/typescript/4.2/node_modules/@types/promise-inflight/index.d.ts'
[22:48:49.241] Adding entry into typings cache: 'proxy-addr' => '/home/steiner/disk/disk1/cache/typescript/4.2/node_modules/@types/proxy-addr/index.d.ts'
[22:48:49.242] Adding entry into typings cache: 'psl' => '/home/steiner/disk/disk1/cache/typescript/4.2/node_modules/@types/psl/index.d.ts'
[22:48:49.243] Adding entry into typings cache: 'pump' => '/home/steiner/disk/disk1/cache/typescript/4.2/node_modules/@types/pump/index.d.ts'
[22:48:49.244] Adding entry into typings cache: 'pumpify' => '/home/steiner/disk/disk1/cache/typescript/4.2/node_modules/@types/pumpify/index.d.ts'
[22:48:49.246] Adding entry into typings cache: 'punycode' => '/home/steiner/disk/disk1/cache/typescript/4.2/node_modules/@types/punycode/index.d.ts'
[22:48:49.247] Adding entry into typings cache: 'q' => '/home/steiner/disk/disk1/cache/typescript/4.2/node_modules/@types/q/index.d.ts'
[22:48:49.248] Adding entry into typings cache: 'qs' => '/home/steiner/disk/disk1/cache/typescript/4.2/node_modules/@types/qs/index.d.ts'
[22:48:49.249] Adding entry into typings cache: 'querystringify' => '/home/steiner/disk/disk1/cache/typescript/4.2/node_modules/@types/querystringify/index.d.ts'
[22:48:49.251] Adding entry into typings cache: 'randombytes' => '/home/steiner/disk/disk1/cache/typescript/4.2/node_modules/@types/randombytes/index.d.ts'
[22:48:49.253] Adding entry into typings cache: 'range-parser' => '/home/steiner/disk/disk1/cache/typescript/4.2/node_modules/@types/range-parser/index.d.ts'
[22:48:49.255] Adding entry into typings cache: 'readable-stream' => '/home/steiner/disk/disk1/cache/typescript/4.2/node_modules/@types/readable-stream/index.d.ts'
[22:48:49.256] Adding entry into typings cache: 'rechoir' => '/home/steiner/disk/disk1/cache/typescript/4.2/node_modules/@types/rechoir/index.d.ts'
[22:48:49.258] Adding entry into typings cache: 'regenerate' => '/home/steiner/disk/disk1/cache/typescript/4.2/node_modules/@types/regenerate/index.d.ts'
[22:48:49.259] Adding entry into typings cache: 'regenerator-runtime' => '/home/steiner/disk/disk1/cache/typescript/4.2/node_modules/@types/regenerator-runtime/index.d.ts'
[22:48:49.260] Adding entry into typings cache: 'relateurl' => '/home/steiner/disk/disk1/cache/typescript/4.2/node_modules/@types/relateurl/index.d.ts'
[22:48:49.261] Adding entry into typings cache: 'repeat-element' => '/home/steiner/disk/disk1/cache/typescript/4.2/node_modules/@types/repeat-element/index.d.ts'
[22:48:49.263] Adding entry into typings cache: 'repeat-string' => '/home/steiner/disk/disk1/cache/typescript/4.2/node_modules/@types/repeat-string/index.d.ts'
[22:48:49.264] Adding entry into typings cache: 'repeating' => '/home/steiner/disk/disk1/cache/typescript/4.2/node_modules/@types/repeating/index.d.ts'
[22:48:49.265] Adding entry into typings cache: 'request' => '/home/steiner/disk/disk1/cache/typescript/4.2/node_modules/@types/request/index.d.ts'
[22:48:49.266] Adding entry into typings cache: 'require-directory' => '/home/steiner/disk/disk1/cache/typescript/4.2/node_modules/@types/require-directory/index.d.ts'
[22:48:49.267] Adding entry into typings cache: 'require-from-string' => '/home/steiner/disk/disk1/cache/typescript/4.2/node_modules/@types/require-from-string/index.d.ts'
[22:48:49.268] Adding entry into typings cache: 'requires-port' => '/home/steiner/disk/disk1/cache/typescript/4.2/node_modules/@types/requires-port/index.d.ts'
[22:48:49.269] Adding entry into typings cache: 'resolve' => '/home/steiner/disk/disk1/cache/typescript/4.2/node_modules/@types/resolve/index.d.ts'
[22:48:49.270] Adding entry into typings cache: 'retry' => '/home/steiner/disk/disk1/cache/typescript/4.2/node_modules/@types/retry/index.d.ts'
[22:48:49.271] Adding entry into typings cache: 'right-align' => '/home/steiner/disk/disk1/cache/typescript/4.2/node_modules/@types/right-align/index.d.ts'
[22:48:49.271] Adding entry into typings cache: 'rimraf' => '/home/steiner/disk/disk1/cache/typescript/4.2/node_modules/@types/rimraf/index.d.ts'
[22:48:49.273] Adding entry into typings cache: 'ripemd160' => '/home/steiner/disk/disk1/cache/typescript/4.2/node_modules/@types/ripemd160/index.d.ts'
[22:48:49.273] Adding entry into typings cache: 'run-parallel' => '/home/steiner/disk/disk1/cache/typescript/4.2/node_modules/@types/run-parallel/index.d.ts'
[22:48:49.275] Adding entry into typings cache: 'safe-regex' => '/home/steiner/disk/disk1/cache/typescript/4.2/node_modules/@types/safe-regex/index.d.ts'
[22:48:49.277] Adding entry into typings cache: 'safer-buffer' => '/home/steiner/disk/disk1/cache/typescript/4.2/node_modules/@types/safer-buffer/index.d.ts'
[22:48:49.279] Adding entry into typings cache: 'sass' => '/home/steiner/disk/disk1/cache/typescript/4.2/node_modules/@types/sass/index.d.ts'
[22:48:49.280] Adding entry into typings cache: 'sass-loader' => '/home/steiner/disk/disk1/cache/typescript/4.2/node_modules/@types/sass-loader/index.d.ts'
[22:48:49.281] Adding entry into typings cache: 'sax' => '/home/steiner/disk/disk1/cache/typescript/4.2/node_modules/@types/sax/index.d.ts'
[22:48:49.283] Adding entry into typings cache: 'semver' => '/home/steiner/disk/disk1/cache/typescript/4.2/node_modules/@types/semver/index.d.ts'
[22:48:49.284] Adding entry into typings cache: 'send' => '/home/steiner/disk/disk1/cache/typescript/4.2/node_modules/@types/send/index.d.ts'
[22:48:49.286] Adding entry into typings cache: 'serialize-javascript' => '/home/steiner/disk/disk1/cache/typescript/4.2/node_modules/@types/serialize-javascript/index.d.ts'
[22:48:49.288] Adding entry into typings cache: 'serve-index' => '/home/steiner/disk/disk1/cache/typescript/4.2/node_modules/@types/serve-index/index.d.ts'
[22:48:49.289] Adding entry into typings cache: 'serve-static' => '/home/steiner/disk/disk1/cache/typescript/4.2/node_modules/@types/serve-static/index.d.ts'
[22:48:49.292] Adding entry into typings cache: 'set-value' => '/home/steiner/disk/disk1/cache/typescript/4.2/node_modules/@types/set-value/index.d.ts'
[22:48:49.293] Adding entry into typings cache: 'setimmediate' => '/home/steiner/disk/disk1/cache/typescript/4.2/node_modules/@types/setimmediate/index.d.ts'
[22:48:49.295] Adding entry into typings cache: 'sha.js' => '/home/steiner/disk/disk1/cache/typescript/4.2/node_modules/@types/sha.js/index.d.ts'
[22:48:49.296] Adding entry into typings cache: 'shebang-command' => '/home/steiner/disk/disk1/cache/typescript/4.2/node_modules/@types/shebang-command/index.d.ts'
[22:48:49.297] Adding entry into typings cache: 'shell-quote' => '/home/steiner/disk/disk1/cache/typescript/4.2/node_modules/@types/shell-quote/index.d.ts'
[22:48:49.298] Adding entry into typings cache: 'shelljs' => '/home/steiner/disk/disk1/cache/typescript/4.2/node_modules/@types/shelljs/index.d.ts'
[22:48:49.301] Adding entry into typings cache: 'signal-exit' => '/home/steiner/disk/disk1/cache/typescript/4.2/node_modules/@types/signal-exit/index.d.ts'
[22:48:49.302] Adding entry into typings cache: 'slice-ansi' => '/home/steiner/disk/disk1/cache/typescript/4.2/node_modules/@types/slice-ansi/index.d.ts'
[22:48:49.303] Adding entry into typings cache: 'sockjs' => '/home/steiner/disk/disk1/cache/typescript/4.2/node_modules/@types/sockjs/index.d.ts'
[22:48:49.304] Adding entry into typings cache: 'sockjs-client' => '/home/steiner/disk/disk1/cache/typescript/4.2/node_modules/@types/sockjs-client/index.d.ts'
[22:48:49.308] Adding entry into typings cache: 'source-list-map' => '/home/steiner/disk/disk1/cache/typescript/4.2/node_modules/@types/source-list-map/index.d.ts'
[22:48:49.310] Adding entry into typings cache: 'source-map-support' => '/home/steiner/disk/disk1/cache/typescript/4.2/node_modules/@types/source-map-support/index.d.ts'
[22:48:49.311] Adding entry into typings cache: 'spdx-correct' => '/home/steiner/disk/disk1/cache/typescript/4.2/node_modules/@types/spdx-correct/index.d.ts'
[22:48:49.313] Adding entry into typings cache: 'spdx-expression-parse' => '/home/steiner/disk/disk1/cache/typescript/4.2/node_modules/@types/spdx-expression-parse/index.d.ts'
[22:48:49.314] Adding entry into typings cache: 'spdy' => '/home/steiner/disk/disk1/cache/typescript/4.2/node_modules/@types/spdy/index.d.ts'
[22:48:49.315] Adding entry into typings cache: 'sprintf' => '/home/steiner/disk/disk1/cache/typescript/4.2/node_modules/@types/sprintf/index.d.ts'
[22:48:49.317] Adding entry into typings cache: 'sprintf-js' => '/home/steiner/disk/disk1/cache/typescript/4.2/node_modules/@types/sprintf-js/index.d.ts'
[22:48:49.318] Adding entry into typings cache: 'sshpk' => '/home/steiner/disk/disk1/cache/typescript/4.2/node_modules/@types/sshpk/index.d.ts'
[22:48:49.320] Adding entry into typings cache: 'ssri' => '/home/steiner/disk/disk1/cache/typescript/4.2/node_modules/@types/ssri/index.d.ts'
[22:48:49.321] Adding entry into typings cache: 'statuses' => '/home/steiner/disk/disk1/cache/typescript/4.2/node_modules/@types/statuses/index.d.ts'
[22:48:49.322] Adding entry into typings cache: 'stream-each' => '/home/steiner/disk/disk1/cache/typescript/4.2/node_modules/@types/stream-each/index.d.ts'
[22:48:49.323] Adding entry into typings cache: 'stream-shift' => '/home/steiner/disk/disk1/cache/typescript/4.2/node_modules/@types/stream-shift/index.d.ts'
[22:48:49.324] Adding entry into typings cache: 'strict-uri-encode' => '/home/steiner/disk/disk1/cache/typescript/4.2/node_modules/@types/strict-uri-encode/index.d.ts'
[22:48:49.325] Adding entry into typings cache: 'string-hash' => '/home/steiner/disk/disk1/cache/typescript/4.2/node_modules/@types/string-hash/index.d.ts'
[22:48:49.326] Adding entry into typings cache: 'strip-final-newline' => '/home/steiner/disk/disk1/cache/typescript/4.2/node_modules/@types/strip-final-newline/index.d.ts'
[22:48:49.328] Adding entry into typings cache: 'supports-color' => '/home/steiner/disk/disk1/cache/typescript/4.2/node_modules/@types/supports-color/index.d.ts'
[22:48:49.329] Adding entry into typings cache: 'svg-tags' => '/home/steiner/disk/disk1/cache/typescript/4.2/node_modules/@types/svg-tags/index.d.ts'
[22:48:49.330] Adding entry into typings cache: 'svgo' => '/home/steiner/disk/disk1/cache/typescript/4.2/node_modules/@types/svgo/index.d.ts'
[22:48:49.331] Adding entry into typings cache: 'tapable' => '/home/steiner/disk/disk1/cache/typescript/4.2/node_modules/tapable/tapable.d.ts'
[22:48:49.334] Adding entry into typings cache: 'terser-webpack-plugin' => '/home/steiner/disk/disk1/cache/typescript/4.2/node_modules/@types/terser-webpack-plugin/index.d.ts'
[22:48:49.335] Adding entry into typings cache: 'text-table' => '/home/steiner/disk/disk1/cache/typescript/4.2/node_modules/@types/text-table/index.d.ts'
[22:48:49.336] Adding entry into typings cache: 'through2' => '/home/steiner/disk/disk1/cache/typescript/4.2/node_modules/@types/through2/index.d.ts'
[22:48:49.338] Adding entry into typings cache: 'thunky' => '/home/steiner/disk/disk1/cache/typescript/4.2/node_modules/@types/thunky/index.d.ts'
[22:48:49.339] Adding entry into typings cache: 'timsort' => '/home/steiner/disk/disk1/cache/typescript/4.2/node_modules/@types/timsort/index.d.ts'
[22:48:49.340] Adding entry into typings cache: 'toposort' => '/home/steiner/disk/disk1/cache/typescript/4.2/node_modules/@types/toposort/index.d.ts'
[22:48:49.341] Adding entry into typings cache: 'tough-cookie' => '/home/steiner/disk/disk1/cache/typescript/4.2/node_modules/@types/tough-cookie/index.d.ts'
[22:48:49.343] Adding entry into typings cache: 'tryer' => '/home/steiner/disk/disk1/cache/typescript/4.2/node_modules/@types/tryer/index.d.ts'
[22:48:49.344] Adding entry into typings cache: 'type-check' => '/home/steiner/disk/disk1/cache/typescript/4.2/node_modules/@types/type-check/index.d.ts'
[22:48:49.345] Adding entry into typings cache: 'type-is' => '/home/steiner/disk/disk1/cache/typescript/4.2/node_modules/@types/type-is/index.d.ts'
[22:48:49.346] Adding entry into typings cache: 'uglify-es' => '/home/steiner/disk/disk1/cache/typescript/4.2/node_modules/@types/uglify-es/index.d.ts'
[22:48:49.347] Adding entry into typings cache: 'uglify-js' => '/home/steiner/disk/disk1/cache/typescript/4.2/node_modules/@types/uglify-js/index.d.ts'
[22:48:49.348] Adding entry into typings cache: 'uglifyjs-webpack-plugin' => '/home/steiner/disk/disk1/cache/typescript/4.2/node_modules/@types/uglifyjs-webpack-plugin/index.d.ts'
[22:48:49.349] Adding entry into typings cache: 'uniq' => '/home/steiner/disk/disk1/cache/typescript/4.2/node_modules/@types/uniq/index.d.ts'
[22:48:49.352] Adding entry into typings cache: 'universalify' => '/home/steiner/disk/disk1/cache/typescript/4.2/node_modules/@types/universalify/index.d.ts'
[22:48:49.354] Adding entry into typings cache: 'urix' => '/home/steiner/disk/disk1/cache/typescript/4.2/node_modules/@types/urix/index.d.ts'
[22:48:49.356] Adding entry into typings cache: 'url-parse' => '/home/steiner/disk/disk1/cache/typescript/4.2/node_modules/@types/url-parse/index.d.ts'
[22:48:49.358] Adding entry into typings cache: 'util-deprecate' => '/home/steiner/disk/disk1/cache/typescript/4.2/node_modules/@types/util-deprecate/index.d.ts'
[22:48:49.359] Adding entry into typings cache: 'util.promisify' => '/home/steiner/disk/disk1/cache/typescript/4.2/node_modules/@types/util.promisify/index.d.ts'
[22:48:49.361] Adding entry into typings cache: 'utils-merge' => '/home/steiner/disk/disk1/cache/typescript/4.2/node_modules/@types/utils-merge/index.d.ts'
[22:48:49.363] Adding entry into typings cache: 'uuid' => '/home/steiner/disk/disk1/cache/typescript/4.2/node_modules/@types/uuid/index.d.ts'
[22:48:49.364] Adding entry into typings cache: 'validate-npm-package-license' => '/home/steiner/disk/disk1/cache/typescript/4.2/node_modules/@types/validate-npm-package-license/index.d.ts'
[22:48:49.368] Adding entry into typings cache: 'vary' => '/home/steiner/disk/disk1/cache/typescript/4.2/node_modules/@types/vary/index.d.ts'
[22:48:49.369] Adding entry into typings cache: 'verror' => '/home/steiner/disk/disk1/cache/typescript/4.2/node_modules/@types/verror/index.d.ts'
[22:48:49.371] Adding entry into typings cache: 'watchpack' => '/home/steiner/disk/disk1/cache/typescript/4.2/node_modules/@types/watchpack/index.d.ts'
[22:48:49.372] Adding entry into typings cache: 'wcwidth' => '/home/steiner/disk/disk1/cache/typescript/4.2/node_modules/@types/wcwidth/index.d.ts'
[22:48:49.375] Adding entry into typings cache: 'webpack' => '/home/steiner/disk/disk1/cache/typescript/4.2/node_modules/webpack/types.d.ts'
[22:48:49.376] Adding entry into typings cache: 'webpack-bundle-analyzer' => '/home/steiner/disk/disk1/cache/typescript/4.2/node_modules/@types/webpack-bundle-analyzer/index.d.ts'
[22:48:49.377] Adding entry into typings cache: 'webpack-dev-middleware' => '/home/steiner/disk/disk1/cache/typescript/4.2/node_modules/@types/webpack-dev-middleware/index.d.ts'
[22:48:49.378] Adding entry into typings cache: 'webpack-dev-server' => '/home/steiner/disk/disk1/cache/typescript/4.2/node_modules/@types/webpack-dev-server/index.d.ts'
[22:48:49.381] Adding entry into typings cache: 'webpack-sources' => '/home/steiner/disk/disk1/cache/typescript/4.2/node_modules/@types/webpack-sources/index.d.ts'
[22:48:49.382] Adding entry into typings cache: 'which' => '/home/steiner/disk/disk1/cache/typescript/4.2/node_modules/@types/which/index.d.ts'
[22:48:49.383] Adding entry into typings cache: 'window-size' => '/home/steiner/disk/disk1/cache/typescript/4.2/node_modules/@types/window-size/index.d.ts'
[22:48:49.384] Adding entry into typings cache: 'wordwrap' => '/home/steiner/disk/disk1/cache/typescript/4.2/node_modules/@types/wordwrap/index.d.ts'
[22:48:49.386] Adding entry into typings cache: 'wrap-ansi' => '/home/steiner/disk/disk1/cache/typescript/4.2/node_modules/@types/wrap-ansi/index.d.ts'
[22:48:49.387] Adding entry into typings cache: 'ws' => '/home/steiner/disk/disk1/cache/typescript/4.2/node_modules/@types/ws/index.d.ts'
[22:48:49.387] Adding entry into typings cache: 'xtend' => '/home/steiner/disk/disk1/cache/typescript/4.2/node_modules/@types/xtend/index.d.ts'
[22:48:49.388] Adding entry into typings cache: 'xxhashjs' => '/home/steiner/disk/disk1/cache/typescript/4.2/node_modules/@types/xxhashjs/index.d.ts'
[22:48:49.389] Adding entry into typings cache: 'y18n' => '/home/steiner/disk/disk1/cache/typescript/4.2/node_modules/@types/y18n/index.d.ts'
[22:48:49.390] Adding entry into typings cache: 'yallist' => '/home/steiner/disk/disk1/cache/typescript/4.2/node_modules/@types/yallist/index.d.ts'
[22:48:49.390] Adding entry into typings cache: 'yargs' => '/home/steiner/disk/disk1/cache/typescript/4.2/node_modules/@types/yargs/index.d.ts'
[22:48:49.391] Adding entry into typings cache: 'yargs-parser' => '/home/steiner/disk/disk1/cache/typescript/4.2/node_modules/@types/yargs-parser/index.d.ts'
[22:48:49.391] Finished processing cache location '/home/steiner/.cache/typescript/4.2'
[22:48:49.392] Process id: 21973
[22:48:49.392] NPM location: /usr/local/bin/npm (explicit '--npmLocation' not  provided)
[22:48:49.392] validateDefaultNpmLocation: false
[22:48:49.392] Npm config file: /home/steiner/.cache/typescript/4.2/package.json
[22:48:49.392] Updating types-registry npm package...
[22:48:49.392] Exec: /usr/local/bin/npm install --ignore-scripts types-registry@latest
[22:48:56.855]     Succeeded. stdout:
    + types-registry@0.1.547
    updated 1 package and audited 723 packages in 6.848s

19 packages are looking for funding
  run `npm fund` for details

found 11 moderate severity vulnerabilities
  run `npm audit fix` to fix them, or `npm audit` for details

[22:48:56.855] Updated types-registry npm package
